android/app/build/intermediates/manifest_merge_blame_file/release/manifest-merger-blame-release-report.txt
1<?xml version="1.0" encoding="utf-8"?>
2<manifest xmlns:android="http://schemas.android.com/apk/res/android"
3    package="com.littleband"
4    android:versionCode="9"
5    android:versionName="1.0.3" >
6
7    <uses-sdk
8        android:minSdkVersion="21"
8-->src/main/AndroidManifest.xml
9        android:targetSdkVersion="30" />
9-->src/main/AndroidManifest.xml
10
11    <uses-permission android:name="android.permission.INTERNET" />
11-->src/main/AndroidManifest.xml:4:5-67
11-->src/main/AndroidManifest.xml:4:22-64
12    <uses-permission android:name="android.permission.WRITE_EXTERNAL_STORAGE" />
12-->src/main/AndroidManifest.xml:5:5-81
12-->src/main/AndroidManifest.xml:5:22-78
13    <uses-permission android:name="android.permission.DOWNLOAD_WITHOUT_NOTIFICATION" />
13-->src/main/AndroidManifest.xml:6:5-88
13-->src/main/AndroidManifest.xml:6:22-85
14    <uses-permission android:name="android.permission.READ_EXTERNAL_STORAGE" />
14-->src/main/AndroidManifest.xml:7:5-79
14-->src/main/AndroidManifest.xml:7:22-77
15    <uses-permission android:name="android.permission.SYSTEM_ALERT_WINDOW" />
15-->src/main/AndroidManifest.xml:8:5-77
15-->src/main/AndroidManifest.xml:8:22-75
16    <uses-permission android:name="android.permission.READ_EXTERNAL_STORAGE" />
16-->src/main/AndroidManifest.xml:7:5-79
16-->src/main/AndroidManifest.xml:7:22-77
17    <uses-permission android:name="android.permission.ACCESS_FINE_LOCATION" />
17-->src/main/AndroidManifest.xml:10:5-78
17-->src/main/AndroidManifest.xml:10:22-76
18    <uses-permission android:name="android.permission.ACCESS_COARSE_LOCATION" />
18-->src/main/AndroidManifest.xml:11:5-80
18-->src/main/AndroidManifest.xml:11:22-78
19    <uses-permission android:name="android.permission.WAKE_LOCK" />
19-->[:react-native-firebase_messaging] AndroidManifest.xml:10:5-68
19-->[:react-native-firebase_messaging] AndroidManifest.xml:10:22-65
20    <uses-permission android:name="android.permission.ACCESS_NETWORK_STATE" /> <!-- Required to access Google Play Licensing -->
20-->[:react-native-firebase_messaging] AndroidManifest.xml:11:5-79
20-->[:react-native-firebase_messaging] AndroidManifest.xml:11:22-76
21    <uses-permission android:name="com.android.vending.CHECK_LICENSE" /> <!-- Required to check whether Wi-Fi is enabled -->
21-->[:rn-fetch-blob] AndroidManifest.xml:10:5-73
21-->[:rn-fetch-blob] AndroidManifest.xml:10:22-70
22    <uses-permission android:name="android.permission.ACCESS_WIFI_STATE" /> <!-- Required by older versions of Google Play services to create IID tokens -->
22-->[:rn-fetch-blob] AndroidManifest.xml:28:5-76
22-->[:rn-fetch-blob] AndroidManifest.xml:28:22-73
23    <uses-permission android:name="com.google.android.c2dm.permission.RECEIVE" />
23-->[com.google.firebase:firebase-messaging:23.0.4] AndroidManifest.xml:28:5-82
23-->[com.google.firebase:firebase-messaging:23.0.4] AndroidManifest.xml:28:22-79
24
25    <application
25-->src/main/AndroidManifest.xml:14:5-39:19
26        android:name="com.littleband.MainApplication"
26-->src/main/AndroidManifest.xml:15:7-38
27        android:allowBackup="false"
27-->src/main/AndroidManifest.xml:19:7-34
28        android:appComponentFactory="androidx.core.app.CoreComponentFactory"
28-->[androidx.core:core:1.5.0] AndroidManifest.xml:24:18-86
29        android:icon="@mipmap/ic_launcher"
29-->src/main/AndroidManifest.xml:17:7-41
30        android:label="@string/app_name"
30-->src/main/AndroidManifest.xml:16:7-39
31        android:requestLegacyExternalStorage="true"
31-->src/main/AndroidManifest.xml:22:9-52
32        android:roundIcon="@mipmap/ic_launcher_round"
32-->src/main/AndroidManifest.xml:18:7-52
33        android:testOnly="true"
34        android:theme="@style/AppTheme"
34-->src/main/AndroidManifest.xml:20:7-38
35        android:usesCleartextTraffic="true" >
35-->src/main/AndroidManifest.xml:21:7-42
36        <activity
36-->src/main/AndroidManifest.xml:26:7-38:18
37            android:name="com.littleband.MainActivity"
37-->src/main/AndroidManifest.xml:28:9-37
38            android:configChanges="keyboard|keyboardHidden|orientation|screenSize|uiMode"
38-->src/main/AndroidManifest.xml:30:9-86
39            android:exported="true"
39-->src/main/AndroidManifest.xml:27:9-32
40            android:label="@string/app_name"
40-->src/main/AndroidManifest.xml:29:9-41
41            android:launchMode="singleTask"
41-->src/main/AndroidManifest.xml:31:9-40
42            android:windowSoftInputMode="adjustResize" >
42-->src/main/AndroidManifest.xml:32:9-51
43            <intent-filter>
43-->src/main/AndroidManifest.xml:33:9-37:25
44                <action android:name="android.intent.action.MAIN" />
44-->src/main/AndroidManifest.xml:34:13-65
44-->src/main/AndroidManifest.xml:34:21-62
45
46                <category android:name="android.intent.category.LAUNCHER" />
46-->src/main/AndroidManifest.xml:35:13-73
46-->src/main/AndroidManifest.xml:35:23-70
47
48                <action android:name="android.intent.action.DOWNLOAD_COMPLETE" />
48-->src/main/AndroidManifest.xml:36:13-77
48-->src/main/AndroidManifest.xml:36:21-75
49            </intent-filter>
50        </activity>
51
52        <service android:name="io.invertase.firebase.messaging.ReactNativeFirebaseMessagingHeadlessService" />
52-->[:react-native-firebase_messaging] AndroidManifest.xml:14:9-111
52-->[:react-native-firebase_messaging] AndroidManifest.xml:14:18-108
53        <service
53-->[:react-native-firebase_messaging] AndroidManifest.xml:15:9-21:19
54            android:name="io.invertase.firebase.messaging.ReactNativeFirebaseMessagingService"
54-->[:react-native-firebase_messaging] AndroidManifest.xml:16:13-95
55            android:exported="false" >
55-->[:react-native-firebase_messaging] AndroidManifest.xml:17:13-37
56            <intent-filter>
56-->[:react-native-firebase_messaging] AndroidManifest.xml:18:13-20:29
57                <action android:name="com.google.firebase.MESSAGING_EVENT" />
57-->[:react-native-firebase_messaging] AndroidManifest.xml:19:17-78
57-->[:react-native-firebase_messaging] AndroidManifest.xml:19:25-75
58            </intent-filter>
59        </service>
60
61        <receiver
61-->[:react-native-firebase_messaging] AndroidManifest.xml:23:9-30:20
62            android:name="io.invertase.firebase.messaging.ReactNativeFirebaseMessagingReceiver"
62-->[:react-native-firebase_messaging] AndroidManifest.xml:24:13-96
63            android:exported="true"
63-->[:react-native-firebase_messaging] AndroidManifest.xml:25:13-36
64            android:permission="com.google.android.c2dm.permission.SEND" >
64-->[:react-native-firebase_messaging] AndroidManifest.xml:26:13-73
65            <intent-filter>
65-->[:react-native-firebase_messaging] AndroidManifest.xml:27:13-29:29
66                <action android:name="com.google.android.c2dm.intent.RECEIVE" />
66-->[:react-native-firebase_messaging] AndroidManifest.xml:28:17-81
66-->[:react-native-firebase_messaging] AndroidManifest.xml:28:25-78
67            </intent-filter>
68        </receiver>
69
70        <meta-data
70-->[:react-native-firebase_messaging] AndroidManifest.xml:32:9-34:36
71            android:name="firebase_messaging_auto_init_enabled"
71-->[:react-native-firebase_messaging] AndroidManifest.xml:33:13-64
72            android:value="true" />
72-->[:react-native-firebase_messaging] AndroidManifest.xml:34:13-33
73        <meta-data
73-->[:react-native-firebase_messaging] AndroidManifest.xml:35:9-37:32
74            android:name="com.google.firebase.messaging.default_notification_channel_id"
74-->[:react-native-firebase_messaging] AndroidManifest.xml:36:13-89
75            android:value="" />
75-->[:react-native-firebase_messaging] AndroidManifest.xml:37:13-29
76        <meta-data
76-->[:react-native-firebase_messaging] AndroidManifest.xml:38:9-40:47
77            android:name="com.google.firebase.messaging.default_notification_color"
77-->[:react-native-firebase_messaging] AndroidManifest.xml:39:13-84
78            android:resource="@color/white" />
78-->[:react-native-firebase_messaging] AndroidManifest.xml:40:13-44
79        <meta-data
79-->[:react-native-firebase_app] AndroidManifest.xml:10:9-12:36
80            android:name="app_data_collection_default_enabled"
80-->[:react-native-firebase_app] AndroidManifest.xml:11:13-63
81            android:value="true" />
81-->[:react-native-firebase_app] AndroidManifest.xml:12:13-33
82
83        <service
83-->[:react-native-firebase_app] AndroidManifest.xml:14:9-18:19
84            android:name="com.google.firebase.components.ComponentDiscoveryService"
84-->[:react-native-firebase_app] AndroidManifest.xml:14:18-89
85            android:directBootAware="true"
85-->[com.google.firebase:firebase-common:20.1.1] AndroidManifest.xml:35:13-43
86            android:exported="false" >
86-->[com.google.firebase:firebase-messaging:23.0.4] AndroidManifest.xml:54:13-37
87            <meta-data
87-->[:react-native-firebase_app] AndroidManifest.xml:15:13-17:85
88                android:name="com.google.firebase.components:io.invertase.firebase.app.ReactNativeFirebaseAppRegistrar"
88-->[:react-native-firebase_app] AndroidManifest.xml:16:17-120
89                android:value="com.google.firebase.components.ComponentRegistrar" />
89-->[:react-native-firebase_app] AndroidManifest.xml:17:17-82
90            <meta-data
90-->[com.google.firebase:firebase-messaging:23.0.4] AndroidManifest.xml:55:13-57:85
91                android:name="com.google.firebase.components:com.google.firebase.messaging.FirebaseMessagingRegistrar"
91-->[com.google.firebase:firebase-messaging:23.0.4] AndroidManifest.xml:56:17-119
92                android:value="com.google.firebase.components.ComponentRegistrar" />
92-->[com.google.firebase:firebase-messaging:23.0.4] AndroidManifest.xml:57:17-82
93            <meta-data
93-->[com.google.firebase:firebase-datatransport:18.1.3] AndroidManifest.xml:28:13-30:85
94                android:name="com.google.firebase.components:com.google.firebase.datatransport.TransportRegistrar"
94-->[com.google.firebase:firebase-datatransport:18.1.3] AndroidManifest.xml:29:17-115
95                android:value="com.google.firebase.components.ComponentRegistrar" />
95-->[com.google.firebase:firebase-datatransport:18.1.3] AndroidManifest.xml:30:17-82
96            <meta-data
96-->[com.google.firebase:firebase-installations:17.0.1] AndroidManifest.xml:18:13-20:85
97                android:name="com.google.firebase.components:com.google.firebase.installations.FirebaseInstallationsRegistrar"
97-->[com.google.firebase:firebase-installations:17.0.1] AndroidManifest.xml:19:17-127
98                android:value="com.google.firebase.components.ComponentRegistrar" />
98-->[com.google.firebase:firebase-installations:17.0.1] AndroidManifest.xml:20:17-82
99        </service>
100
101        <provider
101-->[:react-native-firebase_app] AndroidManifest.xml:20:9-24:38
102            android:name="io.invertase.firebase.app.ReactNativeFirebaseAppInitProvider"
102-->[:react-native-firebase_app] AndroidManifest.xml:21:13-88
103            android:authorities="com.littleband.reactnativefirebaseappinitprovider"
103-->[:react-native-firebase_app] AndroidManifest.xml:22:13-86
104            android:exported="false"
104-->[:react-native-firebase_app] AndroidManifest.xml:23:13-37
105            android:initOrder="99" />
105-->[:react-native-firebase_app] AndroidManifest.xml:24:13-35
106        <provider
106-->[:react-native-webview] AndroidManifest.xml:10:9-18:20
107            android:name="com.reactnativecommunity.webview.RNCWebViewFileProvider"
107-->[:react-native-webview] AndroidManifest.xml:11:13-83
108            android:authorities="com.littleband.fileprovider"
108-->[:react-native-webview] AndroidManifest.xml:12:13-64
109            android:exported="false"
109-->[:react-native-webview] AndroidManifest.xml:13:13-37
110            android:grantUriPermissions="true" >
110-->[:react-native-webview] AndroidManifest.xml:14:13-47
111            <meta-data
111-->[:react-native-webview] AndroidManifest.xml:15:13-17:63
112                android:name="android.support.FILE_PROVIDER_PATHS"
112-->[:react-native-webview] AndroidManifest.xml:16:17-67
113                android:resource="@xml/file_provider_paths" />
113-->[:react-native-webview] AndroidManifest.xml:17:17-60
114        </provider>
115        <provider
115-->[:rn-fetch-blob] AndroidManifest.xml:34:9-42:20
116            android:name="com.RNFetchBlob.Utils.FileProvider"
116-->[:rn-fetch-blob] AndroidManifest.xml:35:13-62
117            android:authorities="com.littleband.provider"
117-->[:rn-fetch-blob] AndroidManifest.xml:36:13-60
118            android:exported="false"
118-->[:rn-fetch-blob] AndroidManifest.xml:37:13-37
119            android:grantUriPermissions="true" >
119-->[:rn-fetch-blob] AndroidManifest.xml:38:13-47
120            <meta-data
120-->[:react-native-webview] AndroidManifest.xml:15:13-17:63
121                android:name="android.support.FILE_PROVIDER_PATHS"
121-->[:react-native-webview] AndroidManifest.xml:16:17-67
122                android:resource="@xml/provider_paths" />
122-->[:react-native-webview] AndroidManifest.xml:17:17-60
123        </provider>
124
125        <receiver
125-->[com.google.firebase:firebase-messaging:23.0.4] AndroidManifest.xml:31:9-38:20
126            android:name="com.google.firebase.iid.FirebaseInstanceIdReceiver"
126-->[com.google.firebase:firebase-messaging:23.0.4] AndroidManifest.xml:32:13-78
127            android:exported="true"
127-->[com.google.firebase:firebase-messaging:23.0.4] AndroidManifest.xml:33:13-36
128            android:permission="com.google.android.c2dm.permission.SEND" >
128-->[com.google.firebase:firebase-messaging:23.0.4] AndroidManifest.xml:34:13-73
129            <intent-filter>
129-->[:react-native-firebase_messaging] AndroidManifest.xml:27:13-29:29
130                <action android:name="com.google.android.c2dm.intent.RECEIVE" />
130-->[:react-native-firebase_messaging] AndroidManifest.xml:28:17-81
130-->[:react-native-firebase_messaging] AndroidManifest.xml:28:25-78
131            </intent-filter>
132        </receiver>
133        <!--
134             FirebaseMessagingService performs security checks at runtime,
135             but set to not exported to explicitly avoid allowing another app to call it.
136        -->
137        <service
137-->[com.google.firebase:firebase-messaging:23.0.4] AndroidManifest.xml:44:9-51:19
138            android:name="com.google.firebase.messaging.FirebaseMessagingService"
138-->[com.google.firebase:firebase-messaging:23.0.4] AndroidManifest.xml:45:13-82
139            android:directBootAware="true"
139-->[com.google.firebase:firebase-messaging:23.0.4] AndroidManifest.xml:46:13-43
140            android:exported="false" >
140-->[com.google.firebase:firebase-messaging:23.0.4] AndroidManifest.xml:47:13-37
141            <intent-filter android:priority="-500" >
141-->[:react-native-firebase_messaging] AndroidManifest.xml:18:13-20:29
142                <action android:name="com.google.firebase.MESSAGING_EVENT" />
142-->[:react-native-firebase_messaging] AndroidManifest.xml:19:17-78
142-->[:react-native-firebase_messaging] AndroidManifest.xml:19:25-75
143            </intent-filter>
144        </service>
145        <service
145-->[com.google.android.datatransport:transport-backend-cct:3.1.4] AndroidManifest.xml:29:9-35:19
146            android:name="com.google.android.datatransport.runtime.backends.TransportBackendDiscovery"
146-->[com.google.android.datatransport:transport-backend-cct:3.1.4] AndroidManifest.xml:30:13-103
147            android:exported="false" >
147-->[com.google.android.datatransport:transport-backend-cct:3.1.4] AndroidManifest.xml:31:13-37
148            <meta-data
148-->[com.google.android.datatransport:transport-backend-cct:3.1.4] AndroidManifest.xml:32:13-34:39
149                android:name="backend:com.google.android.datatransport.cct.CctBackendFactory"
149-->[com.google.android.datatransport:transport-backend-cct:3.1.4] AndroidManifest.xml:33:17-94
150                android:value="cct" />
150-->[com.google.android.datatransport:transport-backend-cct:3.1.4] AndroidManifest.xml:34:17-36
151        </service>
152        <service
152-->[com.google.android.datatransport:transport-runtime:3.1.4] AndroidManifest.xml:26:9-30:19
153            android:name="com.google.android.datatransport.runtime.scheduling.jobscheduling.JobInfoSchedulerService"
153-->[com.google.android.datatransport:transport-runtime:3.1.4] AndroidManifest.xml:27:13-117
154            android:exported="false"
154-->[com.google.android.datatransport:transport-runtime:3.1.4] AndroidManifest.xml:28:13-37
155            android:permission="android.permission.BIND_JOB_SERVICE" >
155-->[com.google.android.datatransport:transport-runtime:3.1.4] AndroidManifest.xml:29:13-69
156        </service>
157
158        <receiver
158-->[com.google.android.datatransport:transport-runtime:3.1.4] AndroidManifest.xml:32:9-34:40
159            android:name="com.google.android.datatransport.runtime.scheduling.jobscheduling.AlarmManagerSchedulerBroadcastReceiver"
159-->[com.google.android.datatransport:transport-runtime:3.1.4] AndroidManifest.xml:33:13-132
160            android:exported="false" />
160-->[com.google.android.datatransport:transport-runtime:3.1.4] AndroidManifest.xml:34:13-37
161
162        <provider
162-->[com.google.firebase:firebase-common:20.1.1] AndroidManifest.xml:26:9-31:39
163            android:name="com.google.firebase.provider.FirebaseInitProvider"
163-->[com.google.firebase:firebase-common:20.1.1] AndroidManifest.xml:27:13-77
164            android:authorities="com.littleband.firebaseinitprovider"
164-->[com.google.firebase:firebase-common:20.1.1] AndroidManifest.xml:28:13-72
165            android:directBootAware="true"
165-->[com.google.firebase:firebase-common:20.1.1] AndroidManifest.xml:29:13-43
166            android:exported="false"
166-->[com.google.firebase:firebase-common:20.1.1] AndroidManifest.xml:30:13-37
167            android:initOrder="100" />
167-->[com.google.firebase:firebase-common:20.1.1] AndroidManifest.xml:31:13-36
168
169        <activity
169-->[com.google.android.gms:play-services-auth:20.1.0] AndroidManifest.xml:23:9-27:75
170            android:name="com.google.android.gms.auth.api.signin.internal.SignInHubActivity"
170-->[com.google.android.gms:play-services-auth:20.1.0] AndroidManifest.xml:24:13-93
171            android:excludeFromRecents="true"
171-->[com.google.android.gms:play-services-auth:20.1.0] AndroidManifest.xml:25:13-46
172            android:exported="false"
172-->[com.google.android.gms:play-services-auth:20.1.0] AndroidManifest.xml:26:13-37
173            android:theme="@android:style/Theme.Translucent.NoTitleBar" />
173-->[com.google.android.gms:play-services-auth:20.1.0] AndroidManifest.xml:27:13-72
174        <!--
175            Service handling Google Sign-In user revocation. For apps that do not integrate with
176            Google Sign-In, this service will never be started.
177        -->
178        <service
178-->[com.google.android.gms:play-services-auth:20.1.0] AndroidManifest.xml:33:9-37:51
179            android:name="com.google.android.gms.auth.api.signin.RevocationBoundService"
179-->[com.google.android.gms:play-services-auth:20.1.0] AndroidManifest.xml:34:13-89
180            android:exported="true"
180-->[com.google.android.gms:play-services-auth:20.1.0] AndroidManifest.xml:35:13-36
181            android:permission="com.google.android.gms.auth.api.signin.permission.REVOCATION_NOTIFICATION"
181-->[com.google.android.gms:play-services-auth:20.1.0] AndroidManifest.xml:36:13-107
182            android:visibleToInstantApps="true" />
182-->[com.google.android.gms:play-services-auth:20.1.0] AndroidManifest.xml:37:13-48
183
184        <activity
184-->[com.google.android.gms:play-services-base:18.0.1] AndroidManifest.xml:20:9-22:45
185            android:name="com.google.android.gms.common.api.GoogleApiActivity"
185-->[com.google.android.gms:play-services-base:18.0.1] AndroidManifest.xml:20:19-85
186            android:exported="false"
186-->[com.google.android.gms:play-services-base:18.0.1] AndroidManifest.xml:22:19-43
187            android:theme="@android:style/Theme.Translucent.NoTitleBar" />
187-->[com.google.android.gms:play-services-base:18.0.1] AndroidManifest.xml:21:19-78
188
189        <meta-data
189-->[com.google.android.gms:play-services-basement:18.0.0] AndroidManifest.xml:21:9-23:69
190            android:name="com.google.android.gms.version"
190-->[com.google.android.gms:play-services-basement:18.0.0] AndroidManifest.xml:22:13-58
191            android:value="@integer/google_play_services_version" />
191-->[com.google.android.gms:play-services-basement:18.0.0] AndroidManifest.xml:23:13-66
192    </application>
193
194</manifest>